[0.014s] Invoking command in '/root/Roboboat-simulation/boat_ws/build/boat_description': CMAKE_PREFIX_PATH=${CMAKE_PREFIX_PATH}:/opt/ros/humble /usr/bin/cmake /root/Roboboat-simulation/boat_ws/src/boat_description -DAMENT_CMAKE_SYMLINK_INSTALL=1 -DCMAKE_INSTALL_PREFIX=/root/Roboboat-simulation/boat_ws/install/boat_description
[0.026s] -- Found ament_cmake: 1.3.2 (/opt/ros/humble/share/ament_cmake/cmake)
[0.132s] -- Override CMake install command with custom implementation using symlinks instead of copying resources
[0.138s] -- Found ament_lint_auto: 0.12.4 (/opt/ros/humble/share/ament_lint_auto/cmake)
[0.195s] -- Added test 'flake8' to check Python code syntax and style conventions
[0.195s] -- Added test 'lint_cmake' to check CMake code style
[0.196s] -- Added test 'pep257' to check Python code against some of the docstring style conventions in PEP 257
[0.199s] -- Added test 'xmllint' to check XML markup files
[0.200s] -- Configuring done
[0.204s] -- Generating done
[0.205s] -- Build files have been written to: /root/Roboboat-simulation/boat_ws/build/boat_description
[0.209s] Invoked command in '/root/Roboboat-simulation/boat_ws/build/boat_description' returned '0': CMAKE_PREFIX_PATH=${CMAKE_PREFIX_PATH}:/opt/ros/humble /usr/bin/cmake /root/Roboboat-simulation/boat_ws/src/boat_description -DAMENT_CMAKE_SYMLINK_INSTALL=1 -DCMAKE_INSTALL_PREFIX=/root/Roboboat-simulation/boat_ws/install/boat_description
[0.211s] Invoking command in '/root/Roboboat-simulation/boat_ws/build/boat_description': CMAKE_PREFIX_PATH=${CMAKE_PREFIX_PATH}:/opt/ros/humble /usr/bin/cmake --build /root/Roboboat-simulation/boat_ws/build/boat_description -- -j12 -l12
[0.251s] Invoked command in '/root/Roboboat-simulation/boat_ws/build/boat_description' returned '0': CMAKE_PREFIX_PATH=${CMAKE_PREFIX_PATH}:/opt/ros/humble /usr/bin/cmake --build /root/Roboboat-simulation/boat_ws/build/boat_description -- -j12 -l12
[0.287s] Invoking command in '/root/Roboboat-simulation/boat_ws/build/boat_description': CMAKE_PREFIX_PATH=${CMAKE_PREFIX_PATH}:/opt/ros/humble /usr/bin/cmake --install /root/Roboboat-simulation/boat_ws/build/boat_description
[0.294s] -- Install configuration: ""
[0.294s] -- Execute custom install script
[0.295s] -- Up-to-date symlink: /root/Roboboat-simulation/boat_ws/install/boat_description/share/boat_description/launch/display_robot.launch.py
[0.295s] -- Up-to-date symlink: /root/Roboboat-simulation/boat_ws/install/boat_description/share/boat_description/launch/gazebo_sim.launch.py
[0.295s] -- Up-to-date symlink: /root/Roboboat-simulation/boat_ws/install/boat_description/share/boat_description/urdf/boat/actuator/caster.urdf.xacro
[0.295s] -- Up-to-date symlink: /root/Roboboat-simulation/boat_ws/install/boat_description/share/boat_description/urdf/boat/actuator/wheel.urdf.xacro
[0.295s] -- Up-to-date symlink: /root/Roboboat-simulation/boat_ws/install/boat_description/share/boat_description/urdf/boat/base.urdf.xacro
[0.295s] -- Up-to-date symlink: /root/Roboboat-simulation/boat_ws/install/boat_description/share/boat_description/urdf/boat/boat.urdf.xacro
[0.296s] -- Up-to-date symlink: /root/Roboboat-simulation/boat_ws/install/boat_description/share/boat_description/urdf/boat/sensor/camera.urdf.xacro
[0.296s] -- Up-to-date symlink: /root/Roboboat-simulation/boat_ws/install/boat_description/share/boat_description/urdf/boat/sensor/imu.urdf.xacro
[0.296s] -- Up-to-date symlink: /root/Roboboat-simulation/boat_ws/install/boat_description/share/boat_description/urdf/boat/sensor/lidar.urdf.xacro
[0.296s] -- Up-to-date symlink: /root/Roboboat-simulation/boat_ws/install/boat_description/share/boat_description/urdf/common_inertia.xacro
[0.296s] -- Up-to-date symlink: /root/Roboboat-simulation/boat_ws/install/boat_description/share/boat_description/urdf/first_robot.gv
[0.296s] -- Up-to-date symlink: /root/Roboboat-simulation/boat_ws/install/boat_description/share/boat_description/urdf/first_robot.pdf
[0.296s] -- Up-to-date symlink: /root/Roboboat-simulation/boat_ws/install/boat_description/share/boat_description/urdf/first_robot.urdf
[0.297s] -- Up-to-date symlink: /root/Roboboat-simulation/boat_ws/install/boat_description/share/boat_description/urdf/first_robot.xacro
[0.297s] -- Up-to-date symlink: /root/Roboboat-simulation/boat_ws/install/boat_description/share/boat_description/config/display_robot_model.rviz
[0.297s] -- Symlinking: /root/Roboboat-simulation/boat_ws/install/boat_description/share/boat_description/world/first_world.world
[0.308s] -- Symlinking: /root/Roboboat-simulation/boat_ws/install/boat_description/share/boat_description/world/random_room/model.config
[0.318s] -- Symlinking: /root/Roboboat-simulation/boat_ws/install/boat_description/share/boat_description/world/random_room/model.sdf
[0.328s] -- Up-to-date symlink: /root/Roboboat-simulation/boat_ws/install/boat_description/share/ament_index/resource_index/package_run_dependencies/boat_description
[0.329s] -- Up-to-date symlink: /root/Roboboat-simulation/boat_ws/install/boat_description/share/ament_index/resource_index/parent_prefix_path/boat_description
[0.329s] -- Up-to-date symlink: /root/Roboboat-simulation/boat_ws/install/boat_description/share/boat_description/environment/ament_prefix_path.sh
[0.329s] -- Up-to-date symlink: /root/Roboboat-simulation/boat_ws/install/boat_description/share/boat_description/environment/ament_prefix_path.dsv
[0.330s] -- Up-to-date symlink: /root/Roboboat-simulation/boat_ws/install/boat_description/share/boat_description/environment/path.sh
[0.330s] -- Up-to-date symlink: /root/Roboboat-simulation/boat_ws/install/boat_description/share/boat_description/environment/path.dsv
[0.330s] -- Up-to-date symlink: /root/Roboboat-simulation/boat_ws/install/boat_description/share/boat_description/local_setup.bash
[0.330s] -- Up-to-date symlink: /root/Roboboat-simulation/boat_ws/install/boat_description/share/boat_description/local_setup.sh
[0.330s] -- Up-to-date symlink: /root/Roboboat-simulation/boat_ws/install/boat_description/share/boat_description/local_setup.zsh
[0.330s] -- Up-to-date symlink: /root/Roboboat-simulation/boat_ws/install/boat_description/share/boat_description/local_setup.dsv
[0.330s] -- Symlinking: /root/Roboboat-simulation/boat_ws/install/boat_description/share/boat_description/package.dsv
[0.342s] -- Up-to-date symlink: /root/Roboboat-simulation/boat_ws/install/boat_description/share/ament_index/resource_index/packages/boat_description
[0.342s] -- Up-to-date symlink: /root/Roboboat-simulation/boat_ws/install/boat_description/share/boat_description/cmake/boat_descriptionConfig.cmake
[0.342s] -- Up-to-date symlink: /root/Roboboat-simulation/boat_ws/install/boat_description/share/boat_description/cmake/boat_descriptionConfig-version.cmake
[0.342s] -- Up-to-date symlink: /root/Roboboat-simulation/boat_ws/install/boat_description/share/boat_description/package.xml
[0.344s] Invoked command in '/root/Roboboat-simulation/boat_ws/build/boat_description' returned '0': CMAKE_PREFIX_PATH=${CMAKE_PREFIX_PATH}:/opt/ros/humble /usr/bin/cmake --install /root/Roboboat-simulation/boat_ws/build/boat_description
