[0.014s] Invoking command in '/root/Roboboat-simulation/boat_ws/build/boat_description': CMAKE_PREFIX_PATH=${CMAKE_PREFIX_PATH}:/opt/ros/humble /usr/bin/cmake /root/Roboboat-simulation/boat_ws/src/boat_description -DCMAKE_INSTALL_PREFIX=/root/Roboboat-simulation/boat_ws/install/boat_description
[0.026s] -- Found ament_cmake: 1.3.2 (/opt/ros/humble/share/ament_cmake/cmake)
[0.136s] -- Override CMake install command with custom implementation using symlinks instead of copying resources
[0.142s] -- Found ament_lint_auto: 0.12.4 (/opt/ros/humble/share/ament_lint_auto/cmake)
[0.197s] -- Added test 'flake8' to check Python code syntax and style conventions
[0.198s] -- Added test 'lint_cmake' to check CMake code style
[0.198s] -- Added test 'pep257' to check Python code against some of the docstring style conventions in PEP 257
[0.201s] -- Added test 'xmllint' to check XML markup files
[0.202s] -- Configuring done
[0.206s] -- Generating done
[0.207s] -- Build files have been written to: /root/Roboboat-simulation/boat_ws/build/boat_description
[0.211s] Invoked command in '/root/Roboboat-simulation/boat_ws/build/boat_description' returned '0': CMAKE_PREFIX_PATH=${CMAKE_PREFIX_PATH}:/opt/ros/humble /usr/bin/cmake /root/Roboboat-simulation/boat_ws/src/boat_description -DCMAKE_INSTALL_PREFIX=/root/Roboboat-simulation/boat_ws/install/boat_description
[0.213s] Invoking command in '/root/Roboboat-simulation/boat_ws/build/boat_description': CMAKE_PREFIX_PATH=${CMAKE_PREFIX_PATH}:/opt/ros/humble /usr/bin/cmake --build /root/Roboboat-simulation/boat_ws/build/boat_description -- -j12 -l12
[0.256s] Invoked command in '/root/Roboboat-simulation/boat_ws/build/boat_description' returned '0': CMAKE_PREFIX_PATH=${CMAKE_PREFIX_PATH}:/opt/ros/humble /usr/bin/cmake --build /root/Roboboat-simulation/boat_ws/build/boat_description -- -j12 -l12
[0.292s] Invoking command in '/root/Roboboat-simulation/boat_ws/build/boat_description': CMAKE_PREFIX_PATH=${CMAKE_PREFIX_PATH}:/opt/ros/humble /usr/bin/cmake --install /root/Roboboat-simulation/boat_ws/build/boat_description
[0.300s] -- Install configuration: ""
[0.301s] -- Execute custom install script
[0.301s] -- Up-to-date symlink: /root/Roboboat-simulation/boat_ws/install/boat_description/share/boat_description/launch/display_robot.launch.py
[0.302s] -- Up-to-date symlink: /root/Roboboat-simulation/boat_ws/install/boat_description/share/boat_description/launch/gazebo_sim.launch.py
[0.302s] -- Up-to-date symlink: /root/Roboboat-simulation/boat_ws/install/boat_description/share/boat_description/urdf/boat/actuator/caster.urdf.xacro
[0.302s] -- Up-to-date symlink: /root/Roboboat-simulation/boat_ws/install/boat_description/share/boat_description/urdf/boat/actuator/wheel.urdf.xacro
[0.303s] -- Up-to-date symlink: /root/Roboboat-simulation/boat_ws/install/boat_description/share/boat_description/urdf/boat/base.urdf.xacro
[0.303s] -- Up-to-date symlink: /root/Roboboat-simulation/boat_ws/install/boat_description/share/boat_description/urdf/boat/boat.urdf.xacro
[0.303s] -- Up-to-date symlink: /root/Roboboat-simulation/boat_ws/install/boat_description/share/boat_description/urdf/boat/sensor/camera.urdf.xacro
[0.303s] -- Up-to-date symlink: /root/Roboboat-simulation/boat_ws/install/boat_description/share/boat_description/urdf/boat/sensor/imu.urdf.xacro
[0.304s] -- Up-to-date symlink: /root/Roboboat-simulation/boat_ws/install/boat_description/share/boat_description/urdf/boat/sensor/lidar.urdf.xacro
[0.304s] -- Up-to-date symlink: /root/Roboboat-simulation/boat_ws/install/boat_description/share/boat_description/urdf/common_inertia.xacro
[0.304s] -- Up-to-date symlink: /root/Roboboat-simulation/boat_ws/install/boat_description/share/boat_description/urdf/first_robot.gv
[0.305s] -- Up-to-date symlink: /root/Roboboat-simulation/boat_ws/install/boat_description/share/boat_description/urdf/first_robot.pdf
[0.305s] -- Up-to-date symlink: /root/Roboboat-simulation/boat_ws/install/boat_description/share/boat_description/urdf/first_robot.urdf
[0.305s] -- Up-to-date symlink: /root/Roboboat-simulation/boat_ws/install/boat_description/share/boat_description/urdf/first_robot.xacro
[0.306s] -- Up-to-date symlink: /root/Roboboat-simulation/boat_ws/install/boat_description/share/boat_description/config/display_robot_model.rviz
[0.306s] [31mCMake Error at ament_cmake_symlink_install/ament_cmake_symlink_install.cmake:100 (message):
[0.306s]   ament_cmake_symlink_install_directory() can't find
[0.306s]   '/root/Roboboat-simulation/boat_ws/src/boat_description/world'
[0.306s] Call Stack (most recent call first):
[0.306s]   ament_cmake_symlink_install/ament_cmake_symlink_install.cmake:314 (ament_cmake_symlink_install_directory)
[0.306s]   cmake_install.cmake:46 (include)
[0.306s] 
[0.306s] [0m
[0.310s] Invoked command in '/root/Roboboat-simulation/boat_ws/build/boat_description' returned '1': CMAKE_PREFIX_PATH=${CMAKE_PREFIX_PATH}:/opt/ros/humble /usr/bin/cmake --install /root/Roboboat-simulation/boat_ws/build/boat_description
