[0.016s] Invoking command in '/root/Roboboat-simulation/boat_ws/build/boat_description': CMAKE_PREFIX_PATH=/opt/ros/humble /usr/bin/cmake /root/Roboboat-simulation/boat_ws/src/boat_description -DCMAKE_INSTALL_PREFIX=/root/Roboboat-simulation/boat_ws/install/boat_description
[0.139s] -- The C compiler identification is GNU 11.2.0
[0.234s] -- The CXX compiler identification is GNU 11.2.0
[0.245s] -- Detecting C compiler ABI info
[0.327s] -- Detecting C compiler ABI info - done
[0.331s] -- Check for working C compiler: /usr/bin/cc - skipped
[0.332s] -- Detecting C compile features
[0.333s] -- Detecting C compile features - done
[0.336s] -- Detecting CXX compiler ABI info
[0.420s] -- Detecting CXX compiler ABI info - done
[0.424s] -- Check for working CXX compiler: /usr/bin/c++ - skipped
[0.424s] -- Detecting CXX compile features
[0.425s] -- Detecting CXX compile features - done
[0.441s] -- Found ament_cmake: 1.3.2 (/opt/ros/humble/share/ament_cmake/cmake)
[0.578s] -- Found Python3: /usr/bin/python3.10 (found version "3.10.4") found components: Interpreter 
[0.683s] -- Found ament_lint_auto: 0.12.4 (/opt/ros/humble/share/ament_lint_auto/cmake)
[0.758s] -- Added test 'flake8' to check Python code syntax and style conventions
[0.759s] -- Added test 'lint_cmake' to check CMake code style
[0.761s] -- Added test 'pep257' to check Python code against some of the docstring style conventions in PEP 257
[0.767s] -- Added test 'xmllint' to check XML markup files
[0.770s] -- Configuring done
[0.781s] -- Generating done
[0.782s] -- Build files have been written to: /root/Roboboat-simulation/boat_ws/build/boat_description
[0.787s] Invoked command in '/root/Roboboat-simulation/boat_ws/build/boat_description' returned '0': CMAKE_PREFIX_PATH=/opt/ros/humble /usr/bin/cmake /root/Roboboat-simulation/boat_ws/src/boat_description -DCMAKE_INSTALL_PREFIX=/root/Roboboat-simulation/boat_ws/install/boat_description
[0.789s] Invoking command in '/root/Roboboat-simulation/boat_ws/build/boat_description': CMAKE_PREFIX_PATH=/opt/ros/humble /usr/bin/cmake --build /root/Roboboat-simulation/boat_ws/build/boat_description -- -j12 -l12
[0.831s] Invoked command in '/root/Roboboat-simulation/boat_ws/build/boat_description' returned '0': CMAKE_PREFIX_PATH=/opt/ros/humble /usr/bin/cmake --build /root/Roboboat-simulation/boat_ws/build/boat_description -- -j12 -l12
[0.870s] Invoking command in '/root/Roboboat-simulation/boat_ws/build/boat_description': CMAKE_PREFIX_PATH=/opt/ros/humble /usr/bin/cmake --install /root/Roboboat-simulation/boat_ws/build/boat_description
[0.886s] -- Install configuration: ""
[0.886s] -- Installing: /root/Roboboat-simulation/boat_ws/install/boat_description/share/boat_description/launch
[0.888s] -- Installing: /root/Roboboat-simulation/boat_ws/install/boat_description/share/boat_description/launch/display_robot.launch.py
[0.888s] -- Installing: /root/Roboboat-simulation/boat_ws/install/boat_description/share/boat_description/urdf
[0.888s] -- Installing: /root/Roboboat-simulation/boat_ws/install/boat_description/share/boat_description/urdf/first_robot.urdf
[0.889s] -- Installing: /root/Roboboat-simulation/boat_ws/install/boat_description/share/boat_description/urdf/first_robot.pdf
[0.889s] -- Installing: /root/Roboboat-simulation/boat_ws/install/boat_description/share/boat_description/urdf/first_robot.gv
[0.891s] -- Installing: /root/Roboboat-simulation/boat_ws/install/boat_description/share/ament_index/resource_index/package_run_dependencies/boat_description
[0.892s] -- Installing: /root/Roboboat-simulation/boat_ws/install/boat_description/share/ament_index/resource_index/parent_prefix_path/boat_description
[0.893s] -- Installing: /root/Roboboat-simulation/boat_ws/install/boat_description/share/boat_description/environment/ament_prefix_path.sh
[0.894s] -- Installing: /root/Roboboat-simulation/boat_ws/install/boat_description/share/boat_description/environment/ament_prefix_path.dsv
[0.894s] -- Installing: /root/Roboboat-simulation/boat_ws/install/boat_description/share/boat_description/environment/path.sh
[0.895s] -- Installing: /root/Roboboat-simulation/boat_ws/install/boat_description/share/boat_description/environment/path.dsv
[0.896s] -- Installing: /root/Roboboat-simulation/boat_ws/install/boat_description/share/boat_description/local_setup.bash
[0.896s] -- Installing: /root/Roboboat-simulation/boat_ws/install/boat_description/share/boat_description/local_setup.sh
[0.897s] -- Installing: /root/Roboboat-simulation/boat_ws/install/boat_description/share/boat_description/local_setup.zsh
[0.897s] -- Installing: /root/Roboboat-simulation/boat_ws/install/boat_description/share/boat_description/local_setup.dsv
[0.897s] -- Installing: /root/Roboboat-simulation/boat_ws/install/boat_description/share/boat_description/package.dsv
[0.898s] -- Installing: /root/Roboboat-simulation/boat_ws/install/boat_description/share/ament_index/resource_index/packages/boat_description
[0.898s] -- Installing: /root/Roboboat-simulation/boat_ws/install/boat_description/share/boat_description/cmake/boat_descriptionConfig.cmake
[0.899s] -- Installing: /root/Roboboat-simulation/boat_ws/install/boat_description/share/boat_description/cmake/boat_descriptionConfig-version.cmake
[0.899s] -- Installing: /root/Roboboat-simulation/boat_ws/install/boat_description/share/boat_description/package.xml
[0.903s] Invoked command in '/root/Roboboat-simulation/boat_ws/build/boat_description' returned '0': CMAKE_PREFIX_PATH=/opt/ros/humble /usr/bin/cmake --install /root/Roboboat-simulation/boat_ws/build/boat_description
