-- Found ament_cmake: 1.3.2 (/opt/ros/humble/share/ament_cmake/cmake)
-- Override CMake install command with custom implementation using symlinks instead of copying resources
-- Found ament_lint_auto: 0.12.4 (/opt/ros/humble/share/ament_lint_auto/cmake)
-- Added test 'flake8' to check Python code syntax and style conventions
-- Added test 'lint_cmake' to check CMake code style
-- Added test 'pep257' to check Python code against some of the docstring style conventions in PEP 257
-- Added test 'xmllint' to check XML markup files
-- Configuring done
-- Generating done
-- Build files have been written to: /root/Roboboat-simulation/boat_ws/build/boat_description
-- Install configuration: ""
-- Execute custom install script
-- Up-to-date symlink: /root/Roboboat-simulation/boat_ws/install/boat_description/share/boat_description/launch/display_robot.launch.py
-- Up-to-date symlink: /root/Roboboat-simulation/boat_ws/install/boat_description/share/boat_description/launch/gazebo_sim.launch.py
-- Up-to-date symlink: /root/Roboboat-simulation/boat_ws/install/boat_description/share/boat_description/urdf/boat/actuator/caster.urdf.xacro
-- Up-to-date symlink: /root/Roboboat-simulation/boat_ws/install/boat_description/share/boat_description/urdf/boat/actuator/wheel.urdf.xacro
-- Up-to-date symlink: /root/Roboboat-simulation/boat_ws/install/boat_description/share/boat_description/urdf/boat/base.urdf.xacro
-- Up-to-date symlink: /root/Roboboat-simulation/boat_ws/install/boat_description/share/boat_description/urdf/boat/boat.urdf.xacro
-- Up-to-date symlink: /root/Roboboat-simulation/boat_ws/install/boat_description/share/boat_description/urdf/boat/sensor/camera.urdf.xacro
-- Up-to-date symlink: /root/Roboboat-simulation/boat_ws/install/boat_description/share/boat_description/urdf/boat/sensor/imu.urdf.xacro
-- Up-to-date symlink: /root/Roboboat-simulation/boat_ws/install/boat_description/share/boat_description/urdf/boat/sensor/lidar.urdf.xacro
-- Up-to-date symlink: /root/Roboboat-simulation/boat_ws/install/boat_description/share/boat_description/urdf/common_inertia.xacro
-- Up-to-date symlink: /root/Roboboat-simulation/boat_ws/install/boat_description/share/boat_description/urdf/first_robot.gv
-- Up-to-date symlink: /root/Roboboat-simulation/boat_ws/install/boat_description/share/boat_description/urdf/first_robot.pdf
-- Up-to-date symlink: /root/Roboboat-simulation/boat_ws/install/boat_description/share/boat_description/urdf/first_robot.urdf
-- Up-to-date symlink: /root/Roboboat-simulation/boat_ws/install/boat_description/share/boat_description/urdf/first_robot.xacro
-- Up-to-date symlink: /root/Roboboat-simulation/boat_ws/install/boat_description/share/boat_description/config/display_robot_model.rviz
[31mCMake Error at ament_cmake_symlink_install/ament_cmake_symlink_install.cmake:100 (message):
  ament_cmake_symlink_install_directory() can't find
  '/root/Roboboat-simulation/boat_ws/src/boat_description/world'
Call Stack (most recent call first):
  ament_cmake_symlink_install/ament_cmake_symlink_install.cmake:314 (ament_cmake_symlink_install_directory)
  cmake_install.cmake:46 (include)

[0m
