[0.014s] Invoking command in '/root/Roboboat-simulation/boat_ws/build/boat_description': CMAKE_PREFIX_PATH=${CMAKE_PREFIX_PATH}:/opt/ros/humble /usr/bin/cmake --build /root/Roboboat-simulation/boat_ws/build/boat_description -- -j12 -l12
[0.047s] -- Found ament_cmake: 1.3.2 (/opt/ros/humble/share/ament_cmake/cmake)
[0.188s] -- Override CMake install command with custom implementation using symlinks instead of copying resources
[0.210s] -- Found ament_lint_auto: 0.12.4 (/opt/ros/humble/share/ament_lint_auto/cmake)
[0.279s] -- Added test 'flake8' to check Python code syntax and style conventions
[0.279s] -- Added test 'lint_cmake' to check CMake code style
[0.280s] -- Added test 'pep257' to check Python code against some of the docstring style conventions in PEP 257
[0.283s] -- Added test 'xmllint' to check XML markup files
[0.286s] -- Configuring done
[0.293s] -- Generating done
[0.295s] -- Build files have been written to: /root/Roboboat-simulation/boat_ws/build/boat_description
[0.319s] Invoked command in '/root/Roboboat-simulation/boat_ws/build/boat_description' returned '0': CMAKE_PREFIX_PATH=${CMAKE_PREFIX_PATH}:/opt/ros/humble /usr/bin/cmake --build /root/Roboboat-simulation/boat_ws/build/boat_description -- -j12 -l12
[0.356s] Invoking command in '/root/Roboboat-simulation/boat_ws/build/boat_description': CMAKE_PREFIX_PATH=${CMAKE_PREFIX_PATH}:/opt/ros/humble /usr/bin/cmake --install /root/Roboboat-simulation/boat_ws/build/boat_description
[0.363s] -- Install configuration: ""
[0.363s] -- Execute custom install script
[0.363s] -- Up-to-date symlink: /root/Roboboat-simulation/boat_ws/install/boat_description/share/boat_description/launch/display_robot.launch.py
[0.363s] -- Up-to-date symlink: /root/Roboboat-simulation/boat_ws/install/boat_description/share/boat_description/launch/gazebo_sim.launch.py
[0.364s] -- Up-to-date symlink: /root/Roboboat-simulation/boat_ws/install/boat_description/share/boat_description/urdf/boat/actuator/caster.urdf.xacro
[0.364s] -- Up-to-date symlink: /root/Roboboat-simulation/boat_ws/install/boat_description/share/boat_description/urdf/boat/actuator/wheel.urdf.xacro
[0.364s] -- Up-to-date symlink: /root/Roboboat-simulation/boat_ws/install/boat_description/share/boat_description/urdf/boat/base.urdf.xacro
[0.364s] -- Up-to-date symlink: /root/Roboboat-simulation/boat_ws/install/boat_description/share/boat_description/urdf/boat/boat.urdf.xacro
[0.364s] -- Up-to-date symlink: /root/Roboboat-simulation/boat_ws/install/boat_description/share/boat_description/urdf/boat/sensor/camera.urdf.xacro
[0.365s] -- Up-to-date symlink: /root/Roboboat-simulation/boat_ws/install/boat_description/share/boat_description/urdf/boat/sensor/imu.urdf.xacro
[0.365s] -- Up-to-date symlink: /root/Roboboat-simulation/boat_ws/install/boat_description/share/boat_description/urdf/boat/sensor/lidar.urdf.xacro
[0.365s] -- Up-to-date symlink: /root/Roboboat-simulation/boat_ws/install/boat_description/share/boat_description/urdf/common_inertia.xacro
[0.365s] -- Up-to-date symlink: /root/Roboboat-simulation/boat_ws/install/boat_description/share/boat_description/urdf/first_robot.gv
[0.365s] -- Up-to-date symlink: /root/Roboboat-simulation/boat_ws/install/boat_description/share/boat_description/urdf/first_robot.pdf
[0.365s] -- Up-to-date symlink: /root/Roboboat-simulation/boat_ws/install/boat_description/share/boat_description/urdf/first_robot.urdf
[0.365s] -- Up-to-date symlink: /root/Roboboat-simulation/boat_ws/install/boat_description/share/boat_description/urdf/first_robot.xacro
[0.366s] -- Up-to-date symlink: /root/Roboboat-simulation/boat_ws/install/boat_description/share/boat_description/config/display_robot_model.rviz
[0.366s] [31mCMake Error at ament_cmake_symlink_install/ament_cmake_symlink_install.cmake:100 (message):
[0.366s]   ament_cmake_symlink_install_directory() can't find
[0.366s]   '/root/Roboboat-simulation/boat_ws/src/boat_description/world'
[0.366s] Call Stack (most recent call first):
[0.366s]   ament_cmake_symlink_install/ament_cmake_symlink_install.cmake:314 (ament_cmake_symlink_install_directory)
[0.366s]   cmake_install.cmake:46 (include)
[0.366s] 
[0.366s] [0m
[0.368s] Invoked command in '/root/Roboboat-simulation/boat_ws/build/boat_description' returned '1': CMAKE_PREFIX_PATH=${CMAKE_PREFIX_PATH}:/opt/ros/humble /usr/bin/cmake --install /root/Roboboat-simulation/boat_ws/build/boat_description
