[0.020s] Invoking command in '/root/Roboboat-simulation/boat_ws/build/boat_description': CMAKE_PREFIX_PATH=${CMAKE_PREFIX_PATH}:/opt/ros/humble /usr/bin/cmake --build /root/Roboboat-simulation/boat_ws/build/boat_description -- -j12 -l12
[0.073s] Invoked command in '/root/Roboboat-simulation/boat_ws/build/boat_description' returned '0': CMAKE_PREFIX_PATH=${CMAKE_PREFIX_PATH}:/opt/ros/humble /usr/bin/cmake --build /root/Roboboat-simulation/boat_ws/build/boat_description -- -j12 -l12
[0.106s] Invoking command in '/root/Roboboat-simulation/boat_ws/build/boat_description': CMAKE_PREFIX_PATH=${CMAKE_PREFIX_PATH}:/opt/ros/humble /usr/bin/cmake --install /root/Roboboat-simulation/boat_ws/build/boat_description
[0.115s] -- Install configuration: ""
[0.115s] -- Up-to-date: /root/Roboboat-simulation/boat_ws/install/boat_description/share/boat_description/launch
[0.115s] -- Installing: /root/Roboboat-simulation/boat_ws/install/boat_description/share/boat_description/launch/display_robot.launch.py
[0.116s] -- Up-to-date: /root/Roboboat-simulation/boat_ws/install/boat_description/share/boat_description/urdf
[0.116s] -- Up-to-date: /root/Roboboat-simulation/boat_ws/install/boat_description/share/boat_description/urdf/first_robot.urdf
[0.116s] -- Up-to-date: /root/Roboboat-simulation/boat_ws/install/boat_description/share/boat_description/urdf/first_robot.pdf
[0.116s] -- Up-to-date: /root/Roboboat-simulation/boat_ws/install/boat_description/share/boat_description/urdf/first_robot.gv
[0.117s] -- Up-to-date: /root/Roboboat-simulation/boat_ws/install/boat_description/share/ament_index/resource_index/package_run_dependencies/boat_description
[0.117s] -- Up-to-date: /root/Roboboat-simulation/boat_ws/install/boat_description/share/ament_index/resource_index/parent_prefix_path/boat_description
[0.117s] -- Up-to-date: /root/Roboboat-simulation/boat_ws/install/boat_description/share/boat_description/environment/ament_prefix_path.sh
[0.117s] -- Up-to-date: /root/Roboboat-simulation/boat_ws/install/boat_description/share/boat_description/environment/ament_prefix_path.dsv
[0.117s] -- Up-to-date: /root/Roboboat-simulation/boat_ws/install/boat_description/share/boat_description/environment/path.sh
[0.117s] -- Up-to-date: /root/Roboboat-simulation/boat_ws/install/boat_description/share/boat_description/environment/path.dsv
[0.118s] -- Up-to-date: /root/Roboboat-simulation/boat_ws/install/boat_description/share/boat_description/local_setup.bash
[0.118s] -- Up-to-date: /root/Roboboat-simulation/boat_ws/install/boat_description/share/boat_description/local_setup.sh
[0.118s] -- Up-to-date: /root/Roboboat-simulation/boat_ws/install/boat_description/share/boat_description/local_setup.zsh
[0.118s] -- Up-to-date: /root/Roboboat-simulation/boat_ws/install/boat_description/share/boat_description/local_setup.dsv
[0.118s] -- Up-to-date: /root/Roboboat-simulation/boat_ws/install/boat_description/share/boat_description/package.dsv
[0.118s] -- Up-to-date: /root/Roboboat-simulation/boat_ws/install/boat_description/share/ament_index/resource_index/packages/boat_description
[0.118s] -- Up-to-date: /root/Roboboat-simulation/boat_ws/install/boat_description/share/boat_description/cmake/boat_descriptionConfig.cmake
[0.118s] -- Up-to-date: /root/Roboboat-simulation/boat_ws/install/boat_description/share/boat_description/cmake/boat_descriptionConfig-version.cmake
[0.118s] -- Up-to-date: /root/Roboboat-simulation/boat_ws/install/boat_description/share/boat_description/package.xml
[0.120s] Invoked command in '/root/Roboboat-simulation/boat_ws/build/boat_description' returned '0': CMAKE_PREFIX_PATH=${CMAKE_PREFIX_PATH}:/opt/ros/humble /usr/bin/cmake --install /root/Roboboat-simulation/boat_ws/build/boat_description
